<?xml version="1.0" encoding="UTF-8"?>
<!-- Generated by org.testng.reporters.JUnitReportReporter -->
<testsuite skipped="1" hostname="Akylbeks-MacBook-Pro.local" name="io.techleadacademy.TestNG11.TestTags" tests="2" failures="0" timestamp="2020-01-12T10:42:07 EST" time="2.011" errors="0">
  <testcase name="logInPerformanceTest2" time="2.011" classname="io.techleadacademy.TestNG11.TestTags"/>
  <system-out/>
  <testcase name="signUpTest" classname="io.techleadacademy.TestNG11.TestTags">
    <skipped/>
  </testcase> <!-- signUpTest -->
  <system-out/>
</testsuite> <!-- io.techleadacademy.TestNG11.TestTags -->
